make all --print-data-base --no-builtin-variables --no-builtin-rules --question
# GNU Make 4.3
# Built for x86_64-pc-linux-gnu
# Copyright (C) 1988-2020 Free Software Foundation, Inc.
# License GPLv3+: GNU GPL version 3 or later <http://gnu.org/licenses/gpl.html>
# This is free software: you are free to change and redistribute it.
# There is NO WARRANTY, to the extent permitted by law.

# Make data base, printed on Wed May  3 09:25:45 2023

# Variables

# environment
GDK_BACKEND = x11
# environment
LC_ALL = C
# environment
GNOME_SHELL_SESSION_MODE = ubuntu
# environment
SSH_AGENT_LAUNCHER = gnome-keyring
# environment
GJS_DEBUG_OUTPUT = stderr
# environment
SNAP_LAUNCHER_ARCH_TRIPLET = x86_64-linux-gnu
# environment
VSCODE_CRASH_REPORTER_PROCESS_TYPE = extensionHost
# environment
VSCODE_CWD = /home/kevin
# default
MAKE_COMMAND := make
# makefile (from 'Makefile', line 2)
DIREXE := exec/
# environment
QT_ACCESSIBILITY = 1
# automatic
@D = $(patsubst %/,%,$(dir $@))
# environment
SNAP_INSTANCE_NAME = code
# makefile (from 'Makefile', line 1)
DIROBJ := obj/
# environment
GDK_PIXBUF_MODULEDIR = /snap/code/126/usr/lib/x86_64-linux-gnu/gdk-pixbuf-2.0/2.10.0/loaders
# environment
VSCODE_HANDLES_UNCAUGHT_ERRORS = true
# default
.VARIABLES := 
# environment
PWD = /home/kevin/Documentos/Concurrente/Sesion3/esqueleto(3)/esqueleto
# automatic
%D = $(patsubst %/,%,$(dir $%))
# environment
XDG_DATA_DIRS = /home/kevin/snap/code/126/.local/share:/home/kevin/snap/code/126:/snap/code/126/usr/share:/usr/share/ubuntu:/usr/local/share/:/usr/share/:/var/lib/snapd/desktop
# automatic
^D = $(patsubst %/,%,$(dir $^))
# automatic
%F = $(notdir $%)
# environment
VSCODE_CODE_CACHE_PATH = /home/kevin/.config/Code/CachedData/704ed70d4fd1c6bd6342c436f1ede30d1cff4710
# environment
LANG = C
# environment
XAUTHORITY = /run/user/1000/.mutter-Xwaylandauth.UIEL41
# default
.LOADED := 
# default
.INCLUDE_DIRS = /usr/local/include /usr/include /usr/include
# makefile
MAKEFLAGS = pqrR
# environment
GTK_USE_PORTAL = 1
# makefile
CURDIR := /home/kevin/Documentos/Concurrente/Sesion3/esqueleto(3)/esqueleto
# environment
APPLICATION_INSIGHTS_NO_DIAGNOSTIC_CHANNEL = 1
# environment
LESSOPEN = | /usr/bin/lesspipe %s
# environment
VSCODE_L10N_BUNDLE_LOCATION = file:///home/kevin/.vscode/extensions/ms-ceintl.vscode-language-pack-es-1.77.2023041209/translations/extensions/vscode.json-language-features.i18n.json
# automatic
*D = $(patsubst %/,%,$(dir $*))
# environment
MFLAGS = -pqrR
# environment
SSH_AUTH_SOCK = /run/user/1000/keyring/ssh
# default
.SHELLFLAGS := -c
# environment
WAYLAND_DISPLAY = wayland-0
# environment
XDG_CONFIG_DIRS = /etc/xdg/xdg-ubuntu:/etc/xdg
# automatic
+D = $(patsubst %/,%,$(dir $+))
# environment
XDG_SESSION_DESKTOP = ubuntu
# makefile (from 'Makefile', line 1)
MAKEFILE_LIST := Makefile
# automatic
@F = $(notdir $@)
# environment
VSCODE_PID = 4065
# environment
XDG_SESSION_TYPE = wayland
# automatic
?D = $(patsubst %/,%,$(dir $?))
# environment
BAMF_DESKTOP_FILE_HINT = /var/lib/snapd/desktop/applications/code_code.desktop
# environment
SESSION_MANAGER = local/kevin-W65-W67RB:@/tmp/.ICE-unix/1768,unix/kevin-W65-W67RB:/tmp/.ICE-unix/1768
# automatic
*F = $(notdir $*)
# environment
CHROME_DESKTOP = code-url-handler.desktop
# environment
DBUS_SESSION_BUS_ADDRESS = unix:path=/run/user/1000/bus
# automatic
<D = $(patsubst %/,%,$(dir $<))
# environment
VSCODE_NLS_CONFIG = {"locale":"es","osLocale":"es-es","availableLanguages":{"*":"es"},"_languagePackId":"299275a10bc9b402e536bac1ccce40c7.es","_translationsConfigFile":"/home/kevin/.config/Code/clp/299275a10bc9b402e536bac1ccce40c7.es/tcf.json","_cacheRoot":"/home/kevin/.config/Code/clp/299275a10bc9b402e536bac1ccce40c7.es","_resolvedLanguagePackCoreLocation":"/home/kevin/.config/Code/clp/299275a10bc9b402e536bac1ccce40c7.es/704ed70d4fd1c6bd6342c436f1ede30d1cff4710","_corruptedFile":"/home/kevin/.config/Code/clp/299275a10bc9b402e536bac1ccce40c7.es/corrupted.info","_languagePackSupport":true}
# default
MAKE_HOST := x86_64-pc-linux-gnu
# environment
GTK_PATH = /snap/code/126/usr/lib/x86_64-linux-gnu/gtk-3.0
# environment
GNOME_DESKTOP_SESSION_ID = this-is-deprecated
# makefile
SHELL = /bin/sh
# default
MAKECMDGOALS := all
# environment
XMODIFIERS = @im=ibus
# environment
GJS_DEBUG_TOPICS = JS ERROR;JS LOG
# environment
SHLVL = 0
# environment
MAKELEVEL := 0
# environment
IM_CONFIG_CHECK_ENV = 1
# default
MAKE = $(MAKE_COMMAND)
# environment
SNAP_COOKIE = _5IOWLcbpjHE5iT6CVwDd6rR0_rEKSizmBLayCyPihA7wjZerh4b
# environment
PATH = /usr/local/sbin:/usr/local/bin:/usr/sbin:/usr/bin:/sbin:/bin:/usr/games:/usr/local/games:/snap/bin:/snap/bin
# default
MAKEFILES := 
# automatic
^F = $(notdir $^)
# environment
SNAP_USER_COMMON = /home/kevin/snap/code/common
# environment
SNAP = /snap/code/126
# environment
INVOCATION_ID = e2dfe706f4644b4a8e2c4b356610f4b7
# environment
SNAP_REVISION = 126
# environment
SNAP_REAL_HOME = /home/kevin
# environment
USERNAME = kevin
# environment
GNOME_SETUP_DISPLAY = :1
# environment
LESSCLOSE = /usr/bin/lesspipe %s %s
# automatic
?F = $(notdir $?)
# environment
GTK_IM_MODULE_FILE = /home/kevin/snap/code/common/.cache/immodules/immodules.cache
# environment
XDG_CURRENT_DESKTOP = Unity
# automatic
+F = $(notdir $+)
# environment
DESKTOP_SESSION = ubuntu
# environment
ORIGINAL_XDG_CURRENT_DESKTOP = ubuntu:GNOME
# environment
LOCPATH = /snap/code/126/usr/lib/locale
# 'override' directive
GNUMAKEFLAGS := 
# environment
LOGNAME = kevin
# environment
GIO_LAUNCHED_DESKTOP_FILE = /var/lib/snapd/desktop/applications/code_code.desktop
# environment
SNAP_ARCH = amd64
# makefile
.DEFAULT_GOAL := all
# environment
SYSTEMD_EXEC_PID = 1791
# environment
DISPLAY = :0
# environment
USER = kevin
# environment
GTK_MODULES = gail:atk-bridge
# default
MAKE_VERSION := 4.3
# environment
SNAP_DATA = /var/snap/code/126
# environment
SNAP_CONTEXT = _5IOWLcbpjHE5iT6CVwDd6rR0_rEKSizmBLayCyPihA7wjZerh4b
# makefile (from 'Makefile', line 7)
LDFLAGS := -lpthread -lrt
# environment
MANAGERPID = 1612
# environment
GIO_LAUNCHED_DESKTOP_FILE_PID = 3919
# environment
_ = /snap/code/126/usr/share/code/code
# makefile (from 'Makefile', line 4)
DIRSRC := src/
# environment
XDG_RUNTIME_DIR = /run/user/1000
# makefile (from 'Makefile', line 6)
CFLAGS := -Iinclude/ -c -Wall -ggdb
# environment
GDK_PIXBUF_MODULE_FILE = /home/kevin/snap/code/common/.cache/gdk-pixbuf-loaders.cache
# environment
GIO_MODULE_DIR = /home/kevin/snap/code/common/.cache/gio-modules
# environment
JOURNAL_STREAM = 8:32486
# environment
XDG_SESSION_CLASS = user
# environment
VSCODE_AMD_ENTRYPOINT = vs/workbench/api/node/extensionHostProcess
# environment
HOME = /home/kevin
# environment
QT_IM_MODULE = ibus
# makefile (from 'Makefile', line 3)
DIRHEA := include/
# environment
ELECTRON_RUN_AS_NODE = 1
# environment
VSCODE_IPC_HOOK = /run/user/1000/vscode-830a5e2f-1.77-main.sock
# environment
GTK_EXE_PREFIX = /snap/code/126/usr
# environment
SNAP_NAME = code
# environment
GSETTINGS_SCHEMA_DIR = /home/kevin/snap/code/126/.local/share/glib-2.0/schemas
# environment
IM_CONFIG_PHASE = 1
# default
.RECIPEPREFIX := 
# automatic
<F = $(notdir $<)
# environment
SNAP_VERSION = 704ed70d
# environment
VSCODE_CRASH_REPORTER_SANDBOXED_HINT = 1
# default
SUFFIXES := 
# environment
VSCODE_CLI = 1
# environment
ELECTRON_NO_ATTACH_CONSOLE = 1
# environment
SNAP_COMMON = /var/snap/code/common
# default
.FEATURES := target-specific order-only second-expansion else-if shortest-stem undefine oneshell nocomment grouped-target extra-prereqs archives jobserver output-sync check-symlink load
# makefile (from 'Makefile', line 8)
CC := gcc
# environment
SNAP_USER_DATA = /home/kevin/snap/code/126
# environment
XDG_MENU_PREFIX = gnome-
# environment
GDMSESSION = ubuntu
# environment
SNAP_LIBRARY_PATH = /var/lib/snapd/lib/gl:/var/lib/snapd/lib/gl32:/var/lib/snapd/void
# variable set hash-table stats:
# Load=130/1024=13%, Rehash=0, Collisions=4/171=2%

# Pattern-specific Variable Values

# No pattern-specific variable values.

# Directories

# src (device 2067, inode 2510877): No files, no impossibilities so far.
# . (device 2067, inode 2510873): 9 files, no impossibilities.

# 9 files, no impossibilities in 2 directories.

# Implicit Rules

obj/%.o: src/%.c
#  recipe to execute (from 'Makefile', line 27):
 
	$(CC) $(CFLAGS) $^ -o $@

# 1 implicit rules, 0 (0.0%) terminal.
# Files

linea: obj/linea.o
#  Implicit rule search has not been done.
#  Modification time never checked.
#  File has not been updated.
#  recipe to execute (from 'Makefile', line 23):
	$(CC) -o $(DIREXE)$@ $^ $(LDFLAGS)

# Not a target:
obj/linea.o:
#  Implicit rule search has not been done.
#  Modification time never checked.
#  File has not been updated.

manager: obj/manager.o
#  Implicit rule search has not been done.
#  Modification time never checked.
#  File has not been updated.
#  recipe to execute (from 'Makefile', line 17):
	$(CC) -o $(DIREXE)$@ $^ $(LDFLAGS)

# Not a target:
Makefile:
#  Implicit rule search has been done.
#  Last modified 2023-03-11 12:48:10
#  File has been updated.
#  Successfully updated.

dirs:
#  Implicit rule search has not been done.
#  Implicit/static pattern stem: ''
#  File does not exist.
#  File has been updated.
#  Needs to be updated (-q is set).
# automatic
# @ := dirs
# automatic
# * := 
# automatic
# < := 
# automatic
# + := 
# automatic
# % := 
# automatic
# ^ := 
# automatic
# ? := 
# automatic
# | := 
# variable set hash-table stats:
# Load=8/32=25%, Rehash=0, Collisions=1/13=8%
#  recipe to execute (from 'Makefile', line 14):
	mkdir -p $(DIROBJ) $(DIREXE)

clean:
#  Implicit rule search has not been done.
#  Modification time never checked.
#  File has not been updated.
#  recipe to execute (from 'Makefile', line 30):
	rm -rf *~ core $(DIROBJ) $(DIREXE) $(DIRHEA)*~ $(DIRSRC)*~

# Not a target:
obj/telefono.o:
#  Implicit rule search has not been done.
#  Modification time never checked.
#  File has not been updated.

telefono: obj/telefono.o
#  Implicit rule search has not been done.
#  Modification time never checked.
#  File has not been updated.
#  recipe to execute (from 'Makefile', line 20):
	$(CC) -o $(DIREXE)$@ $^ $(LDFLAGS)

# Not a target:
.DEFAULT:
#  Implicit rule search has not been done.
#  Modification time never checked.
#  File has not been updated.

all: dirs manager telefono linea
#  Command line target.
#  Implicit rule search has been done.
#  File does not exist.
#  File has been updated.
#  Needs to be updated (-q is set).
# variable set hash-table stats:
# Load=0/32=0%, Rehash=0, Collisions=0/5=0%

# Not a target:
obj/manager.o:
#  Implicit rule search has not been done.
#  Modification time never checked.
#  File has not been updated.

# Not a target:
.SUFFIXES:
#  Implicit rule search has not been done.
#  Modification time never checked.
#  File has not been updated.

# files hash-table stats:
# Load=12/1024=1%, Rehash=0, Collisions=0/35=0%
# VPATH Search Paths

# No 'vpath' search paths.

# No general ('VPATH' variable) search path.

# strcache buffers: 1 (0) / strings = 24 / storage = 193 B / avg = 8 B
# current buf: size = 8162 B / used = 193 B / count = 24 / avg = 8 B

# strcache performance: lookups = 41 / hit rate = 41%
# hash-table stats:
# Load=24/8192=0%, Rehash=0, Collisions=0/41=0%
# Finished Make data base on Wed May  3 09:25:45 2023

 
